[0m09:39:57.094539 [debug] [MainThread]: Sending event: {'category': 'dbt', 'action': 'invocation', 'label': 'start', 'context': [<snowplow_tracker.self_describing_json.SelfDescribingJson object at 0x7fe1051846e0>, <snowplow_tracker.self_describing_json.SelfDescribingJson object at 0x7fe104243ed0>, <snowplow_tracker.self_describing_json.SelfDescribingJson object at 0x7fe104243b10>]}


============================== 09:39:57.103374 | e09f65e0-0744-445a-bb60-6b1e788d1194 ==============================
[0m09:39:57.103374 [info ] [MainThread]: Running with dbt=1.11.7
[0m09:39:57.104115 [debug] [MainThread]: running dbt with arguments {'profiles_dir': '/home/onyxia/.dbt', 'version_check': 'True', 'debug': 'False', 'partial_parse': 'True', 'introspect': 'True', 'log_cache_events': 'False', 'printer_width': '80', 'indirect_selection': 'eager', 'static_parser': 'True', 'warn_error': 'None', 'invocation_command': 'dbt init intro_dbt_snowflake', 'use_experimental_parser': 'False', 'warn_error_options': 'WarnErrorOptionsV2(error=[], warn=[], silence=[])', 'write_json': 'True', 'cache_selected_only': 'False', 'quiet': 'False', 'log_format': 'default', 'target_path': 'None', 'send_anonymous_usage_stats': 'True', 'use_colors': 'True', 'empty': 'None', 'log_path': 'logs', 'fail_fast': 'False', 'no_print': 'None'}
[0m09:39:57.115599 [info ] [MainThread]: Creating dbt configuration folder at /home/onyxia/.dbt
[0m09:39:57.117274 [debug] [MainThread]: Starter project path: /home/onyxia/work/intro-dbt-snowflake/env/lib/python3.13/site-packages/dbt/include/starter_project
[0m09:39:57.119523 [info ] [MainThread]: 
Your new dbt project "intro_dbt_snowflake" was created!

For more information on how to configure the profiles.yml file,
please consult the dbt documentation here:

  https://docs.getdbt.com/docs/configure-your-profile

One more thing:

Need help? Don't hesitate to reach out to us via GitHub issues or on Slack:

  https://community.getdbt.com/

Happy modeling!

[0m09:39:57.120032 [info ] [MainThread]: Setting up your profile.
[0m09:42:38.200165 [debug] [MainThread]: Snowflake adapter: Setting snowflake.connector to ERROR (file logging only)
[0m09:42:38.201039 [debug] [MainThread]: Snowflake adapter: Setting botocore to ERROR (file logging only)
[0m09:42:38.202081 [debug] [MainThread]: Snowflake adapter: Setting boto3 to ERROR (file logging only)
[0m10:22:48.652865 [info ] [MainThread]: Profile intro_dbt_snowflake written to /home/onyxia/.dbt/profiles.yml using target's profile_template.yml and your supplied values. Run 'dbt debug' to validate the connection.
[0m10:22:48.655639 [debug] [MainThread]: Resource report: {"command_name": "init", "command_success": true, "command_wall_clock_time": 2571.6426, "process_in_blocks": "0", "process_kernel_time": 0.212639, "process_mem_max_rss": "130548", "process_out_blocks": "88", "process_user_time": 2.084226}
[0m10:22:48.656904 [debug] [MainThread]: Command `dbt init` succeeded at 10:22:48.656766 after 2571.64 seconds
[0m10:22:48.657454 [debug] [MainThread]: Sending event: {'category': 'dbt', 'action': 'invocation', 'label': 'end', 'context': [<snowplow_tracker.self_describing_json.SelfDescribingJson object at 0x7fe102848770>, <snowplow_tracker.self_describing_json.SelfDescribingJson object at 0x7fe104270170>, <snowplow_tracker.self_describing_json.SelfDescribingJson object at 0x7fe1028346b0>]}
[0m10:22:48.658021 [debug] [MainThread]: Flushing usage events
[0m10:22:49.083703 [debug] [MainThread]: An error was encountered while trying to flush usage events
[0m10:24:31.582209 [debug] [MainThread]: Sending event: {'category': 'dbt', 'action': 'invocation', 'label': 'start', 'context': [<snowplow_tracker.self_describing_json.SelfDescribingJson object at 0x7f722e7906e0>, <snowplow_tracker.self_describing_json.SelfDescribingJson object at 0x7f722d853ed0>, <snowplow_tracker.self_describing_json.SelfDescribingJson object at 0x7f722d853b10>]}


============================== 10:24:31.587178 | d554e511-e150-4465-95a4-a618a67c1edc ==============================
[0m10:24:31.587178 [info ] [MainThread]: Running with dbt=1.11.7
[0m10:24:31.587875 [debug] [MainThread]: running dbt with arguments {'indirect_selection': 'eager', 'empty': 'None', 'target_path': 'None', 'profiles_dir': '/home/onyxia/.dbt', 'warn_error_options': 'WarnErrorOptionsV2(error=[], warn=[], silence=[])', 'no_print': 'None', 'quiet': 'False', 'log_format': 'default', 'invocation_command': 'dbt debug', 'printer_width': '80', 'fail_fast': 'False', 'send_anonymous_usage_stats': 'True', 'introspect': 'True', 'debug': 'False', 'log_cache_events': 'False', 'cache_selected_only': 'False', 'version_check': 'True', 'partial_parse': 'True', 'warn_error': 'None', 'use_experimental_parser': 'False', 'write_json': 'True', 'static_parser': 'True', 'use_colors': 'True', 'log_path': 'logs'}
[0m10:24:31.598803 [info ] [MainThread]: dbt version: 1.11.7
[0m10:24:31.599315 [info ] [MainThread]: python version: 3.13.12
[0m10:24:31.599682 [info ] [MainThread]: python path: /home/onyxia/work/intro-dbt-snowflake/env/bin/python3
[0m10:24:31.600030 [info ] [MainThread]: os info: Linux-6.12.63+deb13-amd64-x86_64-with-glibc2.39
[0m10:24:31.961024 [debug] [MainThread]: Snowflake adapter: Setting snowflake.connector to ERROR (file logging only)
[0m10:24:31.961668 [debug] [MainThread]: Snowflake adapter: Setting botocore to ERROR (file logging only)
[0m10:24:31.962154 [debug] [MainThread]: Snowflake adapter: Setting boto3 to ERROR (file logging only)
[0m10:24:32.043956 [info ] [MainThread]: Using profiles dir at /home/onyxia/.dbt
[0m10:24:32.044527 [info ] [MainThread]: Using profiles.yml file at /home/onyxia/.dbt/profiles.yml
[0m10:24:32.044897 [info ] [MainThread]: Using dbt_project.yml file at /home/onyxia/work/intro-dbt-snowflake/dbt_project.yml
[0m10:24:32.045440 [info ] [MainThread]: adapter type: snowflake
[0m10:24:32.045811 [info ] [MainThread]: adapter version: 1.11.3
[0m10:24:32.046174 [info ] [MainThread]: Configuration:
[0m10:24:32.046504 [info ] [MainThread]:   profiles.yml file [[32mOK found and valid[0m]
[0m10:24:32.046819 [info ] [MainThread]:   dbt_project.yml file [[31mERROR not found[0m]
[0m10:24:32.047126 [info ] [MainThread]: Required dependencies:
[0m10:24:32.047463 [debug] [MainThread]: Executing "git --help"
[0m10:24:32.051625 [debug] [MainThread]: STDOUT: "b"usage: git [-v | --version] [-h | --help] [-C <path>] [-c <name>=<value>]\n           [--exec-path[=<path>]] [--html-path] [--man-path] [--info-path]\n           [-p | --paginate | -P | --no-pager] [--no-replace-objects] [--no-lazy-fetch]\n           [--no-optional-locks] [--no-advice] [--bare] [--git-dir=<path>]\n           [--work-tree=<path>] [--namespace=<name>] [--config-env=<name>=<envvar>]\n           <command> [<args>]\n\nThese are common Git commands used in various situations:\n\nstart a working area (see also: git help tutorial)\n   clone      Clone a repository into a new directory\n   init       Create an empty Git repository or reinitialize an existing one\n\nwork on the current change (see also: git help everyday)\n   add        Add file contents to the index\n   mv         Move or rename a file, a directory, or a symlink\n   restore    Restore working tree files\n   rm         Remove files from the working tree and from the index\n\nexamine the history and state (see also: git help revisions)\n   bisect     Use binary search to find the commit that introduced a bug\n   diff       Show changes between commits, commit and working tree, etc\n   grep       Print lines matching a pattern\n   log        Show commit logs\n   show       Show various types of objects\n   status     Show the working tree status\n\ngrow, mark and tweak your common history\n   backfill   Download missing objects in a partial clone\n   branch     List, create, or delete branches\n   commit     Record changes to the repository\n   merge      Join two or more development histories together\n   rebase     Reapply commits on top of another base tip\n   reset      Set `HEAD` or the index to a known state\n   switch     Switch branches\n   tag        Create, list, delete or verify tags\n\ncollaborate (see also: git help workflows)\n   fetch      Download objects and refs from another repository\n   pull       Fetch from and integrate with another repository or a local branch\n   push       Update remote refs along with associated objects\n\n'git help -a' and 'git help -g' list available subcommands and some\nconcept guides. See 'git help <command>' or 'git help <concept>'\nto read about a specific subcommand or concept.\nSee 'git help git' for an overview of the system.\n""
[0m10:24:32.053202 [debug] [MainThread]: STDERR: "b''"
[0m10:24:32.054437 [info ] [MainThread]:  - git [[32mOK found[0m]

[0m10:24:32.055505 [info ] [MainThread]: Connection:
[0m10:24:32.056653 [info ] [MainThread]:   account: wizovrb-so71796
[0m10:24:32.057210 [info ] [MainThread]:   user: sissokomoussa611@gmail.com
[0m10:24:32.057544 [info ] [MainThread]:   database: INTRO_DB
[0m10:24:32.057868 [info ] [MainThread]:   warehouse: COMPUTE_WH
[0m10:24:32.058190 [info ] [MainThread]:   role: ACCOUNTADMIN
[0m10:24:32.058491 [info ] [MainThread]:   schema: PUBLIC
[0m10:24:32.058810 [info ] [MainThread]:   authenticator: None
[0m10:24:32.059118 [info ] [MainThread]:   oauth_client_id: None
[0m10:24:32.059421 [info ] [MainThread]:   query_tag: None
[0m10:24:32.059728 [info ] [MainThread]:   client_session_keep_alive: False
[0m10:24:32.060043 [info ] [MainThread]:   host: None
[0m10:24:32.060360 [info ] [MainThread]:   port: None
[0m10:24:32.060731 [info ] [MainThread]:   proxy_host: None
[0m10:24:32.061156 [info ] [MainThread]:   proxy_port: None
[0m10:24:32.061484 [info ] [MainThread]:   protocol: None
[0m10:24:32.061789 [info ] [MainThread]:   connect_retries: 1
[0m10:24:32.062103 [info ] [MainThread]:   connect_timeout: None
[0m10:24:32.062397 [info ] [MainThread]:   retry_on_database_errors: False
[0m10:24:32.062703 [info ] [MainThread]:   retry_all: False
[0m10:24:32.063004 [info ] [MainThread]:   insecure_mode: False
[0m10:24:32.063296 [info ] [MainThread]:   reuse_connections: True
[0m10:24:32.063590 [info ] [MainThread]:   s3_stage_vpce_dns_name: None
[0m10:24:32.063893 [info ] [MainThread]:   platform_detection_timeout_seconds: 0.0
[0m10:24:32.064560 [info ] [MainThread]: Registered adapter: snowflake=1.11.3
[0m10:24:32.169179 [debug] [MainThread]: Acquiring new snowflake connection 'debug'
[0m10:24:32.199789 [debug] [MainThread]: Using snowflake connection "debug"
[0m10:24:32.200346 [debug] [MainThread]: On debug: select 1 as id
[0m10:24:32.200704 [debug] [MainThread]: Opening a new connection, currently in state init
[0m10:24:32.683523 [debug] [MainThread]: Snowflake adapter: Error running SQL: select 1 as id
[0m10:24:32.684335 [debug] [MainThread]: Snowflake adapter: Rolling back transaction.
[0m10:24:32.684997 [info ] [MainThread]:   Connection test: [[31mERROR[0m]

[0m10:24:32.685695 [info ] [MainThread]: [31m2 checks failed:[0m
[0m10:24:32.686247 [info ] [MainThread]: Project loading failed for the following reason:
 project path </home/onyxia/work/intro-dbt-snowflake/dbt_project.yml> not found

[0m10:24:32.686618 [info ] [MainThread]: dbt was unable to connect to the specified database.
The database returned the following error:

  >Database Error
  250001 (08001): Failed to connect to DB: wizovrb-so71796.snowflakecomputing.com:443. Incorrect username or password was specified.

Check your database credentials and try again. For more information, visit:
https://docs.getdbt.com/docs/configure-your-profile


[0m10:24:32.687655 [debug] [MainThread]: Resource report: {"command_name": "debug", "command_success": false, "command_wall_clock_time": 1.1849736, "process_in_blocks": "0", "process_kernel_time": 0.288453, "process_mem_max_rss": "145640", "process_out_blocks": "2192", "process_user_time": 2.415801}
[0m10:24:32.688234 [debug] [MainThread]: Command `dbt debug` failed at 10:24:32.688124 after 1.19 seconds
[0m10:24:32.688627 [debug] [MainThread]: Connection 'debug' was left open.
[0m10:24:32.688994 [debug] [MainThread]: On debug: No close available on handle
[0m10:24:32.689379 [debug] [MainThread]: Sending event: {'category': 'dbt', 'action': 'invocation', 'label': 'end', 'context': [<snowplow_tracker.self_describing_json.SelfDescribingJson object at 0x7f722be5bce0>, <snowplow_tracker.self_describing_json.SelfDescribingJson object at 0x7f722ea96450>, <snowplow_tracker.self_describing_json.SelfDescribingJson object at 0x7f722be289e0>]}
[0m10:24:32.689844 [debug] [MainThread]: Flushing usage events
[0m10:24:33.105921 [debug] [MainThread]: An error was encountered while trying to flush usage events
[0m10:37:34.400333 [debug] [MainThread]: Sending event: {'category': 'dbt', 'action': 'invocation', 'label': 'start', 'context': [<snowplow_tracker.self_describing_json.SelfDescribingJson object at 0x7f4357afcad0>, <snowplow_tracker.self_describing_json.SelfDescribingJson object at 0x7f435944c190>, <snowplow_tracker.self_describing_json.SelfDescribingJson object at 0x7f4356a83c50>]}


============================== 10:37:34.405540 | dc33f9fb-de47-4c00-8b1c-8790e8344945 ==============================
[0m10:37:34.405540 [info ] [MainThread]: Running with dbt=1.11.7
[0m10:37:34.406251 [debug] [MainThread]: running dbt with arguments {'target_path': 'None', 'send_anonymous_usage_stats': 'True', 'introspect': 'True', 'invocation_command': 'dbt debug', 'partial_parse': 'True', 'static_parser': 'True', 'printer_width': '80', 'no_print': 'None', 'log_format': 'default', 'version_check': 'True', 'write_json': 'True', 'fail_fast': 'False', 'cache_selected_only': 'False', 'warn_error_options': 'WarnErrorOptionsV2(error=[], warn=[], silence=[])', 'debug': 'False', 'empty': 'None', 'log_cache_events': 'False', 'log_path': 'logs', 'use_experimental_parser': 'False', 'use_colors': 'True', 'indirect_selection': 'eager', 'profiles_dir': '/home/onyxia/.dbt', 'warn_error': 'None', 'quiet': 'False'}
[0m10:37:34.418278 [info ] [MainThread]: dbt version: 1.11.7
[0m10:37:34.418837 [info ] [MainThread]: python version: 3.13.12
[0m10:37:34.419206 [info ] [MainThread]: python path: /opt/python/bin/python3.13
[0m10:37:34.419546 [info ] [MainThread]: os info: Linux-6.12.63+deb13-amd64-x86_64-with-glibc2.39
[0m10:37:35.265421 [debug] [MainThread]: Snowflake adapter: Setting snowflake.connector to ERROR (file logging only)
[0m10:37:35.266210 [debug] [MainThread]: Snowflake adapter: Setting botocore to ERROR (file logging only)
[0m10:37:35.266638 [debug] [MainThread]: Snowflake adapter: Setting boto3 to ERROR (file logging only)
[0m10:37:35.353629 [info ] [MainThread]: Using profiles dir at /home/onyxia/.dbt
[0m10:37:35.354678 [info ] [MainThread]: Using profiles.yml file at /home/onyxia/.dbt/profiles.yml
[0m10:37:35.355335 [info ] [MainThread]: Using dbt_project.yml file at /home/onyxia/work/intro-dbt-snowflake/dbt_project.yml
[0m10:37:35.356342 [info ] [MainThread]: adapter type: snowflake
[0m10:37:35.357093 [info ] [MainThread]: adapter version: 1.11.3
[0m10:37:35.357747 [info ] [MainThread]: Configuration:
[0m10:37:35.358409 [info ] [MainThread]:   profiles.yml file [[32mOK found and valid[0m]
[0m10:37:35.358880 [info ] [MainThread]:   dbt_project.yml file [[31mERROR not found[0m]
[0m10:37:35.359329 [info ] [MainThread]: Required dependencies:
[0m10:37:35.359822 [debug] [MainThread]: Executing "git --help"
[0m10:37:35.364489 [debug] [MainThread]: STDOUT: "b"usage: git [-v | --version] [-h | --help] [-C <path>] [-c <name>=<value>]\n           [--exec-path[=<path>]] [--html-path] [--man-path] [--info-path]\n           [-p | --paginate | -P | --no-pager] [--no-replace-objects] [--no-lazy-fetch]\n           [--no-optional-locks] [--no-advice] [--bare] [--git-dir=<path>]\n           [--work-tree=<path>] [--namespace=<name>] [--config-env=<name>=<envvar>]\n           <command> [<args>]\n\nThese are common Git commands used in various situations:\n\nstart a working area (see also: git help tutorial)\n   clone      Clone a repository into a new directory\n   init       Create an empty Git repository or reinitialize an existing one\n\nwork on the current change (see also: git help everyday)\n   add        Add file contents to the index\n   mv         Move or rename a file, a directory, or a symlink\n   restore    Restore working tree files\n   rm         Remove files from the working tree and from the index\n\nexamine the history and state (see also: git help revisions)\n   bisect     Use binary search to find the commit that introduced a bug\n   diff       Show changes between commits, commit and working tree, etc\n   grep       Print lines matching a pattern\n   log        Show commit logs\n   show       Show various types of objects\n   status     Show the working tree status\n\ngrow, mark and tweak your common history\n   backfill   Download missing objects in a partial clone\n   branch     List, create, or delete branches\n   commit     Record changes to the repository\n   merge      Join two or more development histories together\n   rebase     Reapply commits on top of another base tip\n   reset      Set `HEAD` or the index to a known state\n   switch     Switch branches\n   tag        Create, list, delete or verify tags\n\ncollaborate (see also: git help workflows)\n   fetch      Download objects and refs from another repository\n   pull       Fetch from and integrate with another repository or a local branch\n   push       Update remote refs along with associated objects\n\n'git help -a' and 'git help -g' list available subcommands and some\nconcept guides. See 'git help <command>' or 'git help <concept>'\nto read about a specific subcommand or concept.\nSee 'git help git' for an overview of the system.\n""
[0m10:37:35.365138 [debug] [MainThread]: STDERR: "b''"
[0m10:37:35.365528 [info ] [MainThread]:  - git [[32mOK found[0m]

[0m10:37:35.365918 [info ] [MainThread]: Connection:
[0m10:37:35.366323 [info ] [MainThread]:   account: wizovrb-so71796
[0m10:37:35.366664 [info ] [MainThread]:   user: sissokomoussa611@gmail.com
[0m10:37:35.366977 [info ] [MainThread]:   database: INTRO_DB
[0m10:37:35.367289 [info ] [MainThread]:   warehouse: COMPUTE_WH
[0m10:37:35.367590 [info ] [MainThread]:   role: ACCOUNTADMIN
[0m10:37:35.367885 [info ] [MainThread]:   schema: PUBLIC
[0m10:37:35.368175 [info ] [MainThread]:   authenticator: None
[0m10:37:35.368466 [info ] [MainThread]:   oauth_client_id: None
[0m10:37:35.368764 [info ] [MainThread]:   query_tag: None
[0m10:37:35.369069 [info ] [MainThread]:   client_session_keep_alive: False
[0m10:37:35.369377 [info ] [MainThread]:   host: None
[0m10:37:35.369676 [info ] [MainThread]:   port: None
[0m10:37:35.369968 [info ] [MainThread]:   proxy_host: None
[0m10:37:35.370278 [info ] [MainThread]:   proxy_port: None
[0m10:37:35.370567 [info ] [MainThread]:   protocol: None
[0m10:37:35.370856 [info ] [MainThread]:   connect_retries: 1
[0m10:37:35.371141 [info ] [MainThread]:   connect_timeout: None
[0m10:37:35.371431 [info ] [MainThread]:   retry_on_database_errors: False
[0m10:37:35.371717 [info ] [MainThread]:   retry_all: False
[0m10:37:35.372011 [info ] [MainThread]:   insecure_mode: False
[0m10:37:35.372299 [info ] [MainThread]:   reuse_connections: True
[0m10:37:35.372587 [info ] [MainThread]:   s3_stage_vpce_dns_name: None
[0m10:37:35.372882 [info ] [MainThread]:   platform_detection_timeout_seconds: 0.0
[0m10:37:35.373403 [info ] [MainThread]: Registered adapter: snowflake=1.11.3
[0m10:37:35.471117 [debug] [MainThread]: Acquiring new snowflake connection 'debug'
[0m10:37:35.535118 [debug] [MainThread]: Using snowflake connection "debug"
[0m10:37:35.535905 [debug] [MainThread]: On debug: select 1 as id
[0m10:37:35.536366 [debug] [MainThread]: Opening a new connection, currently in state init
[0m10:37:35.714112 [debug] [MainThread]: Snowflake adapter: Error running SQL: select 1 as id
[0m10:37:35.714918 [debug] [MainThread]: Snowflake adapter: Rolling back transaction.
[0m10:37:35.715537 [info ] [MainThread]:   Connection test: [[31mERROR[0m]

[0m10:37:35.716216 [info ] [MainThread]: [31m2 checks failed:[0m
[0m10:37:35.716731 [info ] [MainThread]: Project loading failed for the following reason:
 project path </home/onyxia/work/intro-dbt-snowflake/dbt_project.yml> not found

[0m10:37:35.717258 [info ] [MainThread]: dbt was unable to connect to the specified database.
The database returned the following error:

  >Database Error
  250001 (08001): Failed to connect to DB: wizovrb-so71796.snowflakecomputing.com:443. Incorrect username or password was specified.

Check your database credentials and try again. For more information, visit:
https://docs.getdbt.com/docs/configure-your-profile


[0m10:37:35.718693 [debug] [MainThread]: Resource report: {"command_name": "debug", "command_success": false, "command_wall_clock_time": 1.3913444, "process_in_blocks": "880", "process_kernel_time": 0.338848, "process_mem_max_rss": "226352", "process_out_blocks": "40", "process_user_time": 5.965309}
[0m10:37:35.719392 [debug] [MainThread]: Command `dbt debug` failed at 10:37:35.719270 after 1.39 seconds
[0m10:37:35.719827 [debug] [MainThread]: Connection 'debug' was left open.
[0m10:37:35.720238 [debug] [MainThread]: On debug: No close available on handle
[0m10:37:35.720665 [debug] [MainThread]: Sending event: {'category': 'dbt', 'action': 'invocation', 'label': 'end', 'context': [<snowplow_tracker.self_describing_json.SelfDescribingJson object at 0x7f42a5cc6060>, <snowplow_tracker.self_describing_json.SelfDescribingJson object at 0x7f42a5448dd0>, <snowplow_tracker.self_describing_json.SelfDescribingJson object at 0x7f42a6671e10>]}
[0m10:37:35.721172 [debug] [MainThread]: Flushing usage events
[0m10:37:36.127275 [debug] [MainThread]: An error was encountered while trying to flush usage events
